AH00112: Warning: DocumentRoot [/var/www/html/mymap/public] does not exist
AH00558: apache2: Could not reliably determine the server's fully qualified domain name, using 172.18.0.4. Set the 'ServerName' directive globally to suppress this message
Cannot load Xdebug - it was already loaded
[Sun Dec 12 07:35:53.609690 2021] [mpm_prefork:notice] [pid 1] AH00163: Apache/2.4.38 (Debian) PHP/8.0.3 configured -- resuming normal operations
[Sun Dec 12 07:35:53.610426 2021] [core:notice] [pid 1] AH00094: Command line: 'apache2 -D FOREGROUND'
[Sun Dec 12 07:43:16.277236 2021] [mpm_prefork:notice] [pid 1] AH00170: caught SIGWINCH, shutting down gracefully
AH00112: Warning: DocumentRoot [/var/www/html/mymap/public] does not exist
AH00558: apache2: Could not reliably determine the server's fully qualified domain name, using 172.19.0.4. Set the 'ServerName' directive globally to suppress this message
Cannot load Xdebug - it was already loaded
[Sun Dec 12 07:54:08.745700 2021] [mpm_prefork:notice] [pid 1] AH00163: Apache/2.4.38 (Debian) PHP/8.0.3 configured -- resuming normal operations
[Sun Dec 12 07:54:08.746200 2021] [core:notice] [pid 1] AH00094: Command line: 'apache2 -D FOREGROUND'
[Sun Dec 12 07:56:08.921984 2021] [mpm_prefork:notice] [pid 1] AH00170: caught SIGWINCH, shutting down gracefully
AH00112: Warning: DocumentRoot [/var/www/html/mymap/public] does not exist
AH00558: apache2: Could not reliably determine the server's fully qualified domain name, using 172.20.0.4. Set the 'ServerName' directive globally to suppress this message
Cannot load Xdebug - it was already loaded
[Sun Dec 12 08:10:02.088628 2021] [mpm_prefork:notice] [pid 1] AH00163: Apache/2.4.38 (Debian) PHP/8.0.3 configured -- resuming normal operations
[Sun Dec 12 08:10:02.089304 2021] [core:notice] [pid 1] AH00094: Command line: 'apache2 -D FOREGROUND'
[Sun Dec 12 08:12:08.247811 2021] [mpm_prefork:notice] [pid 1] AH00170: caught SIGWINCH, shutting down gracefully
AH00558: apache2: Could not reliably determine the server's fully qualified domain name, using 172.20.0.4. Set the 'ServerName' directive globally to suppress this message
Cannot load Xdebug - it was already loaded
[Sun Dec 12 08:12:09.950369 2021] [mpm_prefork:notice] [pid 1] AH00163: Apache/2.4.38 (Debian) PHP/8.0.3 configured -- resuming normal operations
[Sun Dec 12 08:12:09.970805 2021] [core:notice] [pid 1] AH00094: Command line: 'apache2 -D FOREGROUND'
[Sun Dec 12 08:15:26.079881 2021] [mpm_prefork:notice] [pid 1] AH00170: caught SIGWINCH, shutting down gracefully
AH00558: apache2: Could not reliably determine the server's fully qualified domain name, using 172.20.0.4. Set the 'ServerName' directive globally to suppress this message
Cannot load Xdebug - it was already loaded
[Sun Dec 12 08:15:27.955163 2021] [mpm_prefork:notice] [pid 1] AH00163: Apache/2.4.38 (Debian) PHP/8.0.3 configured -- resuming normal operations
[Sun Dec 12 08:15:27.955869 2021] [core:notice] [pid 1] AH00094: Command line: 'apache2 -D FOREGROUND'
[Sun Dec 12 08:19:27.601617 2021] [php:error] [pid 19] [client 172.20.0.1:61846] PHP Fatal error:  Uncaught ImagickException: unable to open image `image.jpg': No such file or directory @ error/blob.c/OpenBlob/2874 in /var/www/html/index.php:4\nStack trace:\n#0 /var/www/html/index.php(4): Imagick->__construct('image.jpg')\n#1 {main}\n  thrown in /var/www/html/index.php on line 4
[Sun Dec 12 08:37:07.845642 2021] [mpm_prefork:notice] [pid 1] AH00170: caught SIGWINCH, shutting down gracefully
AH00558: apache2: Could not reliably determine the server's fully qualified domain name, using 172.20.0.4. Set the 'ServerName' directive globally to suppress this message
Cannot load Xdebug - it was already loaded
[Sun Dec 12 08:37:10.321951 2021] [mpm_prefork:notice] [pid 1] AH00163: Apache/2.4.38 (Debian) PHP/8.0.3 configured -- resuming normal operations
[Sun Dec 12 08:37:10.322651 2021] [core:notice] [pid 1] AH00094: Command line: 'apache2 -D FOREGROUND'
[Sun Dec 12 08:47:22.792403 2021] [autoindex:error] [pid 18] [client 172.20.0.1:62014] AH01276: Cannot serve directory /var/www/html/: No matching DirectoryIndex (index.php,index.html) found, and server-generated directory index forbidden by Options directive
